<?xml version="1.0" encoding="UTF-8"?>
<!-- Generated by org.testng.reporters.JUnitXMLReporter -->
<testsuite hostname="RSI1596" ignored="0" name="Automacao utilizando TDD" tests="6" failures="0" timestamp="2020-01-27T21:39:49 BRT" time="90.561" errors="0">
  <testcase name="cadastro" time="6.322" classname="br.com.rsinet.hub.tdd.test.CadastroDeUsuarioTest"/>
  <testcase name="cadastroDuplicado" time="6.446" classname="br.com.rsinet.hub.tdd.test.CadastroDeUsuarioTest"/>
  <testcase name="pesquisaProdutoInvalidoCampoPesquisa" time="2.382" classname="br.com.rsinet.hub.tdd.test.ConsultaDeProdutoCampoPesquisaTest"/>
  <testcase name="pesquisaProdutoValidoCampoPesquisa" time="2.138" classname="br.com.rsinet.hub.tdd.test.ConsultaDeProdutoCampoPesquisaTest"/>
  <testcase name="pesquisaProdutoQuantidadeInvalidaTelaPrincipal" time="1.864" classname="br.com.rsinet.hub.tdd.test.ConsultaDeProdutoTelaPrincipalTest"/>
  <testcase name="pesquisaProdutoValidoTelaPrincipal" time="1.437" classname="br.com.rsinet.hub.tdd.test.ConsultaDeProdutoTelaPrincipalTest"/>
</testsuite> <!-- Automacao utilizando TDD -->
