<?xml version="1.0" encoding="UTF-8"?>
<!-- Generated by org.testng.reporters.JUnitXMLReporter -->
<testsuite hostname="RSI1596" ignored="0" name="Automação TDD" tests="6" failures="0" timestamp="2020-01-22T12:10:04 BRT" time="85.739" errors="0">
  <testcase name="cadastro" time="5.503" classname="br.com.rsinet.hub.tdd.test.CadastroDeUsuarioTest"/>
  <testcase name="cadastroDuplicado" time="5.219" classname="br.com.rsinet.hub.tdd.test.CadastroDeUsuarioTest"/>
  <testcase name="pesquisaProdutoInvalidoCampoPesquisa" time="2.725" classname="br.com.rsinet.hub.tdd.test.ConsultaDeProdutoCampoPesquisaTest"/>
  <testcase name="pesquisaProdutoValidoCampoPesquisa" time="3.073" classname="br.com.rsinet.hub.tdd.test.ConsultaDeProdutoCampoPesquisaTest"/>
  <testcase name="pesquisaProdutoQuantidadeInvalidaTelaPrincipal" time="1.855" classname="br.com.rsinet.hub.tdd.test.ConsultaDeProdutoTelaPrincipalTest"/>
  <testcase name="pesquisaProdutoValidoTelaPrincipal" time="1.738" classname="br.com.rsinet.hub.tdd.test.ConsultaDeProdutoTelaPrincipalTest"/>
</testsuite> <!-- Automação TDD -->
