<?xml version="1.0" encoding="UTF-8"?>
<!-- Generated by org.testng.reporters.JUnitXMLReporter -->
<testsuite hostname="RSI1596" ignored="0" name="Default test" tests="2" failures="0" timestamp="2020-01-15T17:07:13 BRT" time="26.152" errors="0">
  <testcase name="pesquisaProdutoQuantidadeInvalidaTelaPrincipal" time="1.675" classname="br.com.rsinet.hub.tdd.test.ConsultaDeProdutoTelaPrincipalTest"/>
  <testcase name="pesquisaProdutoValidoTelaPrincipal" time="2.053" classname="br.com.rsinet.hub.tdd.test.ConsultaDeProdutoTelaPrincipalTest"/>
</testsuite> <!-- Default test -->
