<?xml version="1.0" encoding="UTF-8"?>
<!-- Generated by org.testng.reporters.JUnitXMLReporter -->
<testsuite hostname="RSI1596" ignored="1" name="Default test" tests="1" failures="0" timestamp="2020-01-21T15:40:13 BRT" time="16.986" errors="0">
  <testcase name="cadastro" time="5.133" classname="br.com.rsinet.hub.tdd.test.CadastroDeUsuarioTest"/>
  <testcase name="cadastroDuplicado" time="0.0" classname="br.com.rsinet.hub.tdd.test.CadastroDeUsuarioTest">
    <ignored/>
  </testcase> <!-- cadastroDuplicado -->
</testsuite> <!-- Default test -->
