<?xml version="1.0" encoding="UTF-8"?>
<testng-results skipped="0" failed="0" ignored="0" total="2" passed="2">
  <reporter-output>
  </reporter-output>
  <suite name="Default suite" duration-ms="26908" started-at="2020-01-14T16:34:08 BRT" finished-at="2020-01-14T16:34:35 BRT">
    <groups>
    </groups>
    <test name="Default test" duration-ms="26908" started-at="2020-01-14T16:34:08 BRT" finished-at="2020-01-14T16:34:35 BRT">
      <class name="br.com.rsinet.hub.tdd.test.ConsultaDeProdutoTelaPrincipalTest">
        <test-method status="PASS" signature="iniciaNavegador()[pri:0, instance:br.com.rsinet.hub.tdd.test.ConsultaDeProdutoTelaPrincipalTest@3cef309d]" name="iniciaNavegador" is-config="true" duration-ms="12244" started-at="2020-01-14T16:34:08 BRT" finished-at="2020-01-14T16:34:20 BRT">
          <reporter-output>
          </reporter-output>
        </test-method> <!-- iniciaNavegador -->
        <test-method status="PASS" signature="pesquisaProdutoQuantidadeInvalidaTelaPrincipal()[pri:0, instance:br.com.rsinet.hub.tdd.test.ConsultaDeProdutoTelaPrincipalTest@3cef309d]" name="pesquisaProdutoQuantidadeInvalidaTelaPrincipal" duration-ms="1733" started-at="2020-01-14T16:34:20 BRT" finished-at="2020-01-14T16:34:22 BRT">
          <reporter-output>
          </reporter-output>
        </test-method> <!-- pesquisaProdutoQuantidadeInvalidaTelaPrincipal -->
        <test-method status="PASS" signature="killDriver()[pri:0, instance:br.com.rsinet.hub.tdd.test.ConsultaDeProdutoTelaPrincipalTest@3cef309d]" name="killDriver" is-config="true" duration-ms="646" started-at="2020-01-14T16:34:22 BRT" finished-at="2020-01-14T16:34:23 BRT">
          <reporter-output>
          </reporter-output>
        </test-method> <!-- killDriver -->
        <test-method status="PASS" signature="iniciaNavegador()[pri:0, instance:br.com.rsinet.hub.tdd.test.ConsultaDeProdutoTelaPrincipalTest@3cef309d]" name="iniciaNavegador" is-config="true" duration-ms="10252" started-at="2020-01-14T16:34:23 BRT" finished-at="2020-01-14T16:34:33 BRT">
          <reporter-output>
          </reporter-output>
        </test-method> <!-- iniciaNavegador -->
        <test-method status="PASS" signature="pesquisaProdutoValidoTelaPrincipal()[pri:0, instance:br.com.rsinet.hub.tdd.test.ConsultaDeProdutoTelaPrincipalTest@3cef309d]" name="pesquisaProdutoValidoTelaPrincipal" duration-ms="1385" started-at="2020-01-14T16:34:33 BRT" finished-at="2020-01-14T16:34:34 BRT">
          <reporter-output>
          </reporter-output>
        </test-method> <!-- pesquisaProdutoValidoTelaPrincipal -->
        <test-method status="PASS" signature="killDriver()[pri:0, instance:br.com.rsinet.hub.tdd.test.ConsultaDeProdutoTelaPrincipalTest@3cef309d]" name="killDriver" is-config="true" duration-ms="614" started-at="2020-01-14T16:34:34 BRT" finished-at="2020-01-14T16:34:35 BRT">
          <reporter-output>
          </reporter-output>
        </test-method> <!-- killDriver -->
      </class> <!-- br.com.rsinet.hub.tdd.test.ConsultaDeProdutoTelaPrincipalTest -->
    </test> <!-- Default test -->
  </suite> <!-- Default suite -->
</testng-results>
